<?xml version="1.0" encoding="UTF-8" ?>
<testsuites>
<testsuite name="kison" errors="0" tests="7" failures="0" time="0.144" timestamp="2012-12-12T23:20:07">
  <testcase classname="kison" name="escape correctly" time="0"></testcase>
  <testcase classname="kison" name="generate goto map ok" time="0.027"></testcase>
  <testcase classname="kison" name="generate table ok" time="0.02"></testcase>
  <testcase classname="kison" name="parse ok" time="0.019"></testcase>
  <testcase classname="kison" name="can not parse invalid input" time="0.015"></testcase>
  <testcase classname="kison" name="can not parse invalid input in compress mode" time="0.021"></testcase>
  <testcase classname="kison" name="parse ok with action" time="0.021"></testcase>
</testsuite>
<testsuite name="kison.state" errors="0" tests="3" failures="0" time="0.019" timestamp="2012-12-12T23:20:07">
  <testcase classname="kison.state" name="can parse" time="0.005"></testcase>
  <testcase classname="kison.state" name="can not parse" time="0.006"></testcase>
  <testcase classname="kison.state" name="can not parse when compress" time="0.006"></testcase>
</testsuite>
</testsuites>